Analysis & Synthesis report for guess_the_number
Sun Dec 04 15:06:56 2016
Quartus II 64-Bit Version 13.0.1 Build 232 06/12/2013 Service Pack 1 SJ Web Edition


---------------------
; Table of Contents ;
---------------------
  1. Legal Notice
  2. Analysis & Synthesis Summary
  3. Analysis & Synthesis Settings
  4. Parallel Compilation
  5. Analysis & Synthesis Source Files Read
  6. Analysis & Synthesis Resource Usage Summary
  7. Analysis & Synthesis Resource Utilization by Entity
  8. Registers Removed During Synthesis
  9. General Register Statistics
 10. Multiplexer Restructuring Statistics (Restructuring Performed)
 11. Port Connectivity Checks: "random_BCD:BCD0"
 12. Port Connectivity Checks: "lfsr:R1"
 13. Port Connectivity Checks: "lfsr:R0"
 14. Port Connectivity Checks: "lfsr:NEG"
 15. Elapsed Time Per Partition
 16. Analysis & Synthesis Messages
 17. Analysis & Synthesis Suppressed Messages



----------------
; Legal Notice ;
----------------
Copyright (C) 1991-2013 Altera Corporation
Your use of Altera Corporation's design tools, logic functions 
and other software and tools, and its AMPP partner logic 
functions, and any output files from any of the foregoing 
(including device programming or simulation files), and any 
associated documentation or information are expressly subject 
to the terms and conditions of the Altera Program License 
Subscription Agreement, Altera MegaCore Function License 
Agreement, or other applicable license agreement, including, 
without limitation, that your use is for the sole purpose of 
programming logic devices manufactured by Altera and sold by 
Altera or its authorized distributors.  Please refer to the 
applicable agreement for further details.



+--------------------------------------------------------------------------------------+
; Analysis & Synthesis Summary                                                         ;
+------------------------------------+-------------------------------------------------+
; Analysis & Synthesis Status        ; Successful - Sun Dec 04 15:06:56 2016           ;
; Quartus II 64-Bit Version          ; 13.0.1 Build 232 06/12/2013 SP 1 SJ Web Edition ;
; Revision Name                      ; guess_the_number                                ;
; Top-level Entity Name              ; guess_the_number                                ;
; Family                             ; Cyclone III                                     ;
; Total logic elements               ; 124                                             ;
;     Total combinational functions  ; 113                                             ;
;     Dedicated logic registers      ; 63                                              ;
; Total registers                    ; 63                                              ;
; Total pins                         ; 52                                              ;
; Total virtual pins                 ; 0                                               ;
; Total memory bits                  ; 0                                               ;
; Embedded Multiplier 9-bit elements ; 0                                               ;
; Total PLLs                         ; 0                                               ;
+------------------------------------+-------------------------------------------------+


+----------------------------------------------------------------------------------------------------------------------+
; Analysis & Synthesis Settings                                                                                        ;
+----------------------------------------------------------------------------+--------------------+--------------------+
; Option                                                                     ; Setting            ; Default Value      ;
+----------------------------------------------------------------------------+--------------------+--------------------+
; Device                                                                     ; EP3C16F484C6       ;                    ;
; Top-level entity name                                                      ; guess_the_number   ; guess_the_number   ;
; Family name                                                                ; Cyclone III        ; Cyclone IV GX      ;
; Use smart compilation                                                      ; Off                ; Off                ;
; Enable parallel Assembler and TimeQuest Timing Analyzer during compilation ; On                 ; On                 ;
; Enable compact report table                                                ; Off                ; Off                ;
; Restructure Multiplexers                                                   ; Auto               ; Auto               ;
; Create Debugging Nodes for IP Cores                                        ; Off                ; Off                ;
; Preserve fewer node names                                                  ; On                 ; On                 ;
; Disable OpenCore Plus hardware evaluation                                  ; Off                ; Off                ;
; Verilog Version                                                            ; Verilog_2001       ; Verilog_2001       ;
; VHDL Version                                                               ; VHDL_1993          ; VHDL_1993          ;
; State Machine Processing                                                   ; Auto               ; Auto               ;
; Safe State Machine                                                         ; Off                ; Off                ;
; Extract Verilog State Machines                                             ; On                 ; On                 ;
; Extract VHDL State Machines                                                ; On                 ; On                 ;
; Ignore Verilog initial constructs                                          ; Off                ; Off                ;
; Iteration limit for constant Verilog loops                                 ; 5000               ; 5000               ;
; Iteration limit for non-constant Verilog loops                             ; 250                ; 250                ;
; Add Pass-Through Logic to Inferred RAMs                                    ; On                 ; On                 ;
; Infer RAMs from Raw Logic                                                  ; On                 ; On                 ;
; Parallel Synthesis                                                         ; On                 ; On                 ;
; DSP Block Balancing                                                        ; Auto               ; Auto               ;
; NOT Gate Push-Back                                                         ; On                 ; On                 ;
; Power-Up Don't Care                                                        ; On                 ; On                 ;
; Remove Redundant Logic Cells                                               ; Off                ; Off                ;
; Remove Duplicate Registers                                                 ; On                 ; On                 ;
; Ignore CARRY Buffers                                                       ; Off                ; Off                ;
; Ignore CASCADE Buffers                                                     ; Off                ; Off                ;
; Ignore GLOBAL Buffers                                                      ; Off                ; Off                ;
; Ignore ROW GLOBAL Buffers                                                  ; Off                ; Off                ;
; Ignore LCELL Buffers                                                       ; Off                ; Off                ;
; Ignore SOFT Buffers                                                        ; On                 ; On                 ;
; Limit AHDL Integers to 32 Bits                                             ; Off                ; Off                ;
; Optimization Technique                                                     ; Balanced           ; Balanced           ;
; Carry Chain Length                                                         ; 70                 ; 70                 ;
; Auto Carry Chains                                                          ; On                 ; On                 ;
; Auto Open-Drain Pins                                                       ; On                 ; On                 ;
; Perform WYSIWYG Primitive Resynthesis                                      ; Off                ; Off                ;
; Auto ROM Replacement                                                       ; On                 ; On                 ;
; Auto RAM Replacement                                                       ; On                 ; On                 ;
; Auto DSP Block Replacement                                                 ; On                 ; On                 ;
; Auto Shift Register Replacement                                            ; Auto               ; Auto               ;
; Allow Shift Register Merging across Hierarchies                            ; Auto               ; Auto               ;
; Auto Clock Enable Replacement                                              ; On                 ; On                 ;
; Strict RAM Replacement                                                     ; Off                ; Off                ;
; Allow Synchronous Control Signals                                          ; On                 ; On                 ;
; Force Use of Synchronous Clear Signals                                     ; Off                ; Off                ;
; Auto RAM Block Balancing                                                   ; On                 ; On                 ;
; Auto RAM to Logic Cell Conversion                                          ; Off                ; Off                ;
; Auto Resource Sharing                                                      ; Off                ; Off                ;
; Allow Any RAM Size For Recognition                                         ; Off                ; Off                ;
; Allow Any ROM Size For Recognition                                         ; Off                ; Off                ;
; Allow Any Shift Register Size For Recognition                              ; Off                ; Off                ;
; Use LogicLock Constraints during Resource Balancing                        ; On                 ; On                 ;
; Ignore translate_off and synthesis_off directives                          ; Off                ; Off                ;
; Timing-Driven Synthesis                                                    ; On                 ; On                 ;
; Report Parameter Settings                                                  ; On                 ; On                 ;
; Report Source Assignments                                                  ; On                 ; On                 ;
; Report Connectivity Checks                                                 ; On                 ; On                 ;
; Ignore Maximum Fan-Out Assignments                                         ; Off                ; Off                ;
; Synchronization Register Chain Length                                      ; 2                  ; 2                  ;
; PowerPlay Power Optimization                                               ; Normal compilation ; Normal compilation ;
; HDL message level                                                          ; Level2             ; Level2             ;
; Suppress Register Optimization Related Messages                            ; Off                ; Off                ;
; Number of Removed Registers Reported in Synthesis Report                   ; 5000               ; 5000               ;
; Number of Swept Nodes Reported in Synthesis Report                         ; 5000               ; 5000               ;
; Number of Inverted Registers Reported in Synthesis Report                  ; 100                ; 100                ;
; Clock MUX Protection                                                       ; On                 ; On                 ;
; Auto Gated Clock Conversion                                                ; Off                ; Off                ;
; Block Design Naming                                                        ; Auto               ; Auto               ;
; SDC constraint protection                                                  ; Off                ; Off                ;
; Synthesis Effort                                                           ; Auto               ; Auto               ;
; Shift Register Replacement - Allow Asynchronous Clear Signal               ; On                 ; On                 ;
; Pre-Mapping Resynthesis Optimization                                       ; Off                ; Off                ;
; Analysis & Synthesis Message Level                                         ; Medium             ; Medium             ;
; Disable Register Merging Across Hierarchies                                ; Auto               ; Auto               ;
; Resource Aware Inference For Block RAM                                     ; On                 ; On                 ;
; Synthesis Seed                                                             ; 1                  ; 1                  ;
+----------------------------------------------------------------------------+--------------------+--------------------+


Parallel compilation was disabled, but you have multiple processors available. Enable parallel compilation to reduce compilation time.
+-------------------------------------+
; Parallel Compilation                ;
+----------------------------+--------+
; Processors                 ; Number ;
+----------------------------+--------+
; Number detected on machine ; 4      ;
; Maximum allowed            ; 1      ;
+----------------------------+--------+


+-------------------------------------------------------------------------------------------------------------------------------------------------------------------------+
; Analysis & Synthesis Source Files Read                                                                                                                                  ;
+----------------------------------+-----------------+------------------------+---------------------------------------------------------------------------------+---------+
; File Name with User-Entered Path ; Used in Netlist ; File Type              ; File Name with Absolute Path                                                    ; Library ;
+----------------------------------+-----------------+------------------------+---------------------------------------------------------------------------------+---------+
; guess_the_number.v               ; yes             ; User Verilog HDL File  ; C:/Users/skirk/Desktop/ECEN 2350 - Digital Logic/Project_2_2/guess_the_number.v ;         ;
; buttonPress.v                    ; yes             ; User Verilog HDL File  ; C:/Users/skirk/Desktop/ECEN 2350 - Digital Logic/Project_2_2/buttonPress.v      ;         ;
; outputs.v                        ; yes             ; User Verilog HDL File  ; C:/Users/skirk/Desktop/ECEN 2350 - Digital Logic/Project_2_2/outputs.v          ;         ;
; countGuesses.v                   ; yes             ; User Verilog HDL File  ; C:/Users/skirk/Desktop/ECEN 2350 - Digital Logic/Project_2_2/countGuesses.v     ;         ;
; lfsr.v                           ; yes             ; User Verilog HDL File  ; C:/Users/skirk/Desktop/ECEN 2350 - Digital Logic/Project_2_2/lfsr.v             ;         ;
; encoder_7seg.v                   ; yes             ; User Verilog HDL File  ; C:/Users/skirk/Desktop/ECEN 2350 - Digital Logic/Project_2_2/encoder_7seg.v     ;         ;
; random_BCD.v                     ; yes             ; User Verilog HDL File  ; C:/Users/skirk/Desktop/ECEN 2350 - Digital Logic/Project_2_2/random_BCD.v       ;         ;
+----------------------------------+-----------------+------------------------+---------------------------------------------------------------------------------+---------+


+-----------------------------------------------------------+
; Analysis & Synthesis Resource Usage Summary               ;
+---------------------------------------------+-------------+
; Resource                                    ; Usage       ;
+---------------------------------------------+-------------+
; Estimated Total logic elements              ; 124         ;
;                                             ;             ;
; Total combinational functions               ; 113         ;
; Logic element usage by number of LUT inputs ;             ;
;     -- 4 input functions                    ; 71          ;
;     -- 3 input functions                    ; 9           ;
;     -- <=2 input functions                  ; 33          ;
;                                             ;             ;
; Logic elements by mode                      ;             ;
;     -- normal mode                          ; 113         ;
;     -- arithmetic mode                      ; 0           ;
;                                             ;             ;
; Total registers                             ; 63          ;
;     -- Dedicated logic registers            ; 63          ;
;     -- I/O registers                        ; 0           ;
;                                             ;             ;
; I/O pins                                    ; 52          ;
; Embedded Multiplier 9-bit elements          ; 0           ;
; Maximum fan-out node                        ; Clock~input ;
; Maximum fan-out                             ; 55          ;
; Total fan-out                               ; 650         ;
; Average fan-out                             ; 2.32        ;
+---------------------------------------------+-------------+


+--------------------------------------------------------------------------------------------------------------------------------------------------------------------------------------------+
; Analysis & Synthesis Resource Utilization by Entity                                                                                                                                        ;
+----------------------------+-------------------+--------------+-------------+--------------+---------+-----------+------+--------------+------------------------------------+--------------+
; Compilation Hierarchy Node ; LC Combinationals ; LC Registers ; Memory Bits ; DSP Elements ; DSP 9x9 ; DSP 18x18 ; Pins ; Virtual Pins ; Full Hierarchy Name                ; Library Name ;
+----------------------------+-------------------+--------------+-------------+--------------+---------+-----------+------+--------------+------------------------------------+--------------+
; |guess_the_number          ; 113 (0)           ; 63 (0)       ; 0           ; 0            ; 0       ; 0         ; 52   ; 0            ; |guess_the_number                  ; work         ;
;    |buttonPress:B1|        ; 27 (27)           ; 3 (3)        ; 0           ; 0            ; 0       ; 0         ; 0    ; 0            ; |guess_the_number|buttonPress:B1   ; work         ;
;    |countGuesses:G1|       ; 9 (9)             ; 8 (8)        ; 0           ; 0            ; 0       ; 0         ; 0    ; 0            ; |guess_the_number|countGuesses:G1  ; work         ;
;    |encoder_7seg:ss0|      ; 7 (7)             ; 0 (0)        ; 0           ; 0            ; 0       ; 0         ; 0    ; 0            ; |guess_the_number|encoder_7seg:ss0 ; work         ;
;    |encoder_7seg:ss1|      ; 7 (7)             ; 0 (0)        ; 0           ; 0            ; 0       ; 0         ; 0    ; 0            ; |guess_the_number|encoder_7seg:ss1 ; work         ;
;    |encoder_7seg:ss2|      ; 7 (7)             ; 0 (0)        ; 0           ; 0            ; 0       ; 0         ; 0    ; 0            ; |guess_the_number|encoder_7seg:ss2 ; work         ;
;    |encoder_7seg:ss3|      ; 7 (7)             ; 0 (0)        ; 0           ; 0            ; 0       ; 0         ; 0    ; 0            ; |guess_the_number|encoder_7seg:ss3 ; work         ;
;    |lfsr:R0|               ; 9 (9)             ; 9 (9)        ; 0           ; 0            ; 0       ; 0         ; 0    ; 0            ; |guess_the_number|lfsr:R0          ; work         ;
;    |lfsr:R1|               ; 9 (9)             ; 9 (9)        ; 0           ; 0            ; 0       ; 0         ; 0    ; 0            ; |guess_the_number|lfsr:R1          ; work         ;
;    |outputs:O1|            ; 24 (24)           ; 25 (25)      ; 0           ; 0            ; 0       ; 0         ; 0    ; 0            ; |guess_the_number|outputs:O1       ; work         ;
;    |random_BCD:BCD0|       ; 7 (7)             ; 9 (9)        ; 0           ; 0            ; 0       ; 0         ; 0    ; 0            ; |guess_the_number|random_BCD:BCD0  ; work         ;
+----------------------------+-------------------+--------------+-------------+--------------+---------+-----------+------+--------------+------------------------------------+--------------+
Note: For table entries with two numbers listed, the numbers in parentheses indicate the number of resources of the given type used by the specific entity alone. The numbers listed outside of parentheses indicate the total resources of the given type used by the specific entity and all of its sub-entities in the hierarchy.


+--------------------------------------------------------------------------------+
; Registers Removed During Synthesis                                             ;
+---------------------------------------+----------------------------------------+
; Register name                         ; Reason for Removal                     ;
+---------------------------------------+----------------------------------------+
; outputs:O1|led[8]                     ; Stuck at GND due to stuck port data_in ;
; Total Number of Removed Registers = 1 ;                                        ;
+---------------------------------------+----------------------------------------+


+------------------------------------------------------+
; General Register Statistics                          ;
+----------------------------------------------+-------+
; Statistic                                    ; Value ;
+----------------------------------------------+-------+
; Total registers                              ; 63    ;
; Number of registers using Synchronous Clear  ; 4     ;
; Number of registers using Synchronous Load   ; 7     ;
; Number of registers using Asynchronous Clear ; 8     ;
; Number of registers using Asynchronous Load  ; 0     ;
; Number of registers using Clock Enable       ; 35    ;
; Number of registers using Preset             ; 0     ;
+----------------------------------------------+-------+


+----------------------------------------------------------------------------------------------------------------------------------------------------+
; Multiplexer Restructuring Statistics (Restructuring Performed)                                                                                     ;
+--------------------+-----------+---------------+----------------------+------------------------+------------+--------------------------------------+
; Multiplexer Inputs ; Bus Width ; Baseline Area ; Area if Restructured ; Saving if Restructured ; Registered ; Example Multiplexer Output           ;
+--------------------+-----------+---------------+----------------------+------------------------+------------+--------------------------------------+
; 4:1                ; 8 bits    ; 16 LEs        ; 0 LEs                ; 16 LEs                 ; Yes        ; |guess_the_number|outputs:O1|led[0]  ;
; 3:1                ; 4 bits    ; 8 LEs         ; 4 LEs                ; 4 LEs                  ; Yes        ; |guess_the_number|outputs:O1|OUT2[1] ;
; 8:1                ; 8 bits    ; 40 LEs        ; 24 LEs               ; 16 LEs                 ; Yes        ; |guess_the_number|outputs:O1|OUT1[1] ;
; 5:1                ; 2 bits    ; 6 LEs         ; 4 LEs                ; 2 LEs                  ; Yes        ; |guess_the_number|outputs:O1|OUT2[2] ;
; 5:1                ; 2 bits    ; 6 LEs         ; 4 LEs                ; 2 LEs                  ; Yes        ; |guess_the_number|outputs:O1|OUT3[0] ;
+--------------------+-----------+---------------+----------------------+------------------------+------------+--------------------------------------+


+------------------------------------------------------------------------------------------------------------------------------------------------------------------------+
; Port Connectivity Checks: "random_BCD:BCD0"                                                                                                                            ;
+------+-------+----------+----------------------------------------------------------------------------------------------------------------------------------------------+
; Port ; Type  ; Severity ; Details                                                                                                                                      ;
+------+-------+----------+----------------------------------------------------------------------------------------------------------------------------------------------+
; Qneg ; Input ; Warning  ; Input port expression (1 bits) is smaller than the input port (9 bits) it drives.  Extra input bit(s) "Qneg[8..1]" will be connected to GND. ;
+------+-------+----------+----------------------------------------------------------------------------------------------------------------------------------------------+


+-------------------------------------------+
; Port Connectivity Checks: "lfsr:R1"       ;
+---------+-------+----------+--------------+
; Port    ; Type  ; Severity ; Details      ;
+---------+-------+----------+--------------+
; seed[8] ; Input ; Info     ; Stuck at GND ;
; seed[7] ; Input ; Info     ; Stuck at VCC ;
; seed[6] ; Input ; Info     ; Stuck at GND ;
; seed[5] ; Input ; Info     ; Stuck at VCC ;
; seed[4] ; Input ; Info     ; Stuck at GND ;
; seed[3] ; Input ; Info     ; Stuck at VCC ;
; seed[2] ; Input ; Info     ; Stuck at GND ;
; seed[1] ; Input ; Info     ; Stuck at VCC ;
; seed[0] ; Input ; Info     ; Stuck at GND ;
+---------+-------+----------+--------------+


+----------------------------------------------+
; Port Connectivity Checks: "lfsr:R0"          ;
+------------+-------+----------+--------------+
; Port       ; Type  ; Severity ; Details      ;
+------------+-------+----------+--------------+
; seed[8..7] ; Input ; Info     ; Stuck at VCC ;
; seed[2..0] ; Input ; Info     ; Stuck at VCC ;
; seed[6..5] ; Input ; Info     ; Stuck at GND ;
; seed[4]    ; Input ; Info     ; Stuck at VCC ;
; seed[3]    ; Input ; Info     ; Stuck at GND ;
+------------+-------+----------+--------------+


+----------------------------------------------------------------------------------------------------------------------+
; Port Connectivity Checks: "lfsr:NEG"                                                                                 ;
+------------+--------+----------+-------------------------------------------------------------------------------------+
; Port       ; Type   ; Severity ; Details                                                                             ;
+------------+--------+----------+-------------------------------------------------------------------------------------+
; seed[7..6] ; Input  ; Info     ; Stuck at VCC                                                                        ;
; seed[3..0] ; Input  ; Info     ; Stuck at VCC                                                                        ;
; seed[5..4] ; Input  ; Info     ; Stuck at GND                                                                        ;
; seed[8]    ; Input  ; Info     ; Stuck at GND                                                                        ;
; Q          ; Output ; Info     ; Connected to dangling logic. Logic that only feeds a dangling port will be removed. ;
+------------+--------+----------+-------------------------------------------------------------------------------------+


+-------------------------------+
; Elapsed Time Per Partition    ;
+----------------+--------------+
; Partition Name ; Elapsed Time ;
+----------------+--------------+
; Top            ; 00:00:01     ;
+----------------+--------------+


+-------------------------------+
; Analysis & Synthesis Messages ;
+-------------------------------+
Info: *******************************************************************
Info: Running Quartus II 64-Bit Analysis & Synthesis
    Info: Version 13.0.1 Build 232 06/12/2013 Service Pack 1 SJ Web Edition
    Info: Processing started: Sun Dec 04 15:06:53 2016
Info: Command: quartus_map --read_settings_files=on --write_settings_files=off project2_2 -c guess_the_number
Warning (20028): Parallel compilation is not licensed and has been disabled
Info (12021): Found 1 design units, including 1 entities, in source file guess_the_number.v
    Info (12023): Found entity 1: guess_the_number
Info (12021): Found 1 design units, including 1 entities, in source file buttonpress.v
    Info (12023): Found entity 1: buttonPress
Info (12021): Found 1 design units, including 1 entities, in source file outputs.v
    Info (12023): Found entity 1: outputs
Info (12021): Found 1 design units, including 1 entities, in source file countguesses.v
    Info (12023): Found entity 1: countGuesses
Info (12021): Found 1 design units, including 1 entities, in source file lfsr.v
    Info (12023): Found entity 1: lfsr
Info (12021): Found 1 design units, including 1 entities, in source file encoder_7seg.v
    Info (12023): Found entity 1: encoder_7seg
Info (12021): Found 1 design units, including 1 entities, in source file random_bcd.v
    Info (12023): Found entity 1: random_BCD
Warning (10236): Verilog HDL Implicit Net warning at guess_the_number.v(18): created implicit net for "negLLFSR"
Warning (10236): Verilog HDL Implicit Net warning at lfsr.v(6): created implicit net for "feedback"
Info (12127): Elaborating entity "guess_the_number" for the top level hierarchy
Info (12128): Elaborating entity "lfsr" for hierarchy "lfsr:NEG"
Warning (10855): Verilog HDL warning at lfsr.v(8): initial value for variable Q should be constant
Info (12128): Elaborating entity "random_BCD" for hierarchy "random_BCD:BCD0"
Info (12128): Elaborating entity "countGuesses" for hierarchy "countGuesses:G1"
Info (12128): Elaborating entity "outputs" for hierarchy "outputs:O1"
Info (12128): Elaborating entity "buttonPress" for hierarchy "buttonPress:B1"
Info (12128): Elaborating entity "encoder_7seg" for hierarchy "encoder_7seg:ss0"
Warning (12241): 1 hierarchies have connectivity warnings - see the Connectivity Checks report folder
Warning (13024): Output pins are stuck at VCC or GND
    Warning (13410): Pin "led[8]" is stuck at GND
Info (286030): Timing-Driven Synthesis is running
Info (144001): Generated suppressed messages file C:/Users/skirk/Desktop/ECEN 2350 - Digital Logic/Project_2_2/output_files/guess_the_number.map.smsg
Info (16010): Generating hard_block partition "hard_block:auto_generated_inst"
    Info (16011): Adding 0 node(s), including 0 DDIO, 0 PLL, 0 transceiver and 0 LCELL
Warning (21074): Design contains 1 input pin(s) that do not drive logic
    Warning (15610): No output dependent on input pin "switch[8]"
Info (21057): Implemented 178 device resources after synthesis - the final resource count might be different
    Info (21058): Implemented 14 input pins
    Info (21059): Implemented 38 output pins
    Info (21061): Implemented 126 logic cells
Info: Quartus II 64-Bit Analysis & Synthesis was successful. 0 errors, 9 warnings
    Info: Peak virtual memory: 475 megabytes
    Info: Processing ended: Sun Dec 04 15:06:56 2016
    Info: Elapsed time: 00:00:03
    Info: Total CPU time (on all processors): 00:00:02


+------------------------------------------+
; Analysis & Synthesis Suppressed Messages ;
+------------------------------------------+
The suppressed messages can be found in C:/Users/skirk/Desktop/ECEN 2350 - Digital Logic/Project_2_2/output_files/guess_the_number.map.smsg.


